<testsuite failures="0" name="examples/users/users.feature" skipped="0" tests="4" time="4.473679">
  <testcase classname="examples.users.users" name="get user of with total number of 2 pages" time="1.434541">
    <system-out>* url 'https://reqres.in/api' ............................................. passed
* header content-type = 'aplication/json' ................................. passed
Given path 'users' ........................................................ passed
And param page = 2 ........................................................ passed
When method get ........................................................... passed
Then status 200 ........................................................... passed
* def data = response.data ................................................ passed
* print 'data - &gt;',data ................................................... passed</system-out>
  </testcase>
  <testcase classname="examples.users.users" name="get user with id 1" time="1.444549">
    <system-out>* url 'https://reqres.in/api' ............................................. passed
* header content-type = 'aplication/json' ................................. passed
Given path 'users' ........................................................ passed
And param page = 2 ........................................................ passed
When method get ........................................................... passed
Then status 200 ........................................................... passed
* def data = response.data ................................................ passed
* print 'data - &gt;',data ................................................... passed
* url 'https://reqres.in/api' ............................................. passed
* header content-type = 'aplication/json' ................................. passed
Given path 'users',1 ...................................................... passed
When method get ........................................................... passed
Then status 200 ........................................................... passed
* def data = response.data ................................................ passed
* print 'id : ',data.id ................................................... passed
* print 'email id :',data.email ........................................... passed</system-out>
  </testcase>
  <testcase classname="examples.users.users" name="get user with id 2" time="1.490535">
    <system-out>* url 'https://reqres.in/api' ............................................. passed
* header content-type = 'aplication/json' ................................. passed
Given path 'users' ........................................................ passed
And param page = 2 ........................................................ passed
When method get ........................................................... passed
Then status 200 ........................................................... passed
* def data = response.data ................................................ passed
* print 'data - &gt;',data ................................................... passed
* url 'https://reqres.in/api' ............................................. passed
* header content-type = 'aplication/json' ................................. passed
Given path 'users',1 ...................................................... passed
When method get ........................................................... passed
Then status 200 ........................................................... passed
* def data = response.data ................................................ passed
* print 'id : ',data.id ................................................... passed
* print 'email id :',data.email ........................................... passed
* url 'https://reqres.in/api' ............................................. passed
* header content-type = 'aplication/json' ................................. passed
Given path 'users',2 ...................................................... passed
When method get ........................................................... passed
Then status 200 ........................................................... passed
* def data = response.data ................................................ passed
* print 'id : ',data.id ................................................... passed
* print 'email id :',data.email ........................................... passed</system-out>
  </testcase>
  <testcase classname="examples.users.users" name="get list of users" time="0.104054">
    <system-out>* url 'https://reqres.in/api' ............................................. passed
* header content-type = 'aplication/json' ................................. passed
Given path 'users' ........................................................ passed
And param page = 2 ........................................................ passed
When method get ........................................................... passed
Then status 200 ........................................................... passed
* def data = response.data ................................................ passed
* print 'data - &gt;',data ................................................... passed
* url 'https://reqres.in/api' ............................................. passed
* header content-type = 'aplication/json' ................................. passed
Given path 'users',1 ...................................................... passed
When method get ........................................................... passed
Then status 200 ........................................................... passed
* def data = response.data ................................................ passed
* print 'id : ',data.id ................................................... passed
* print 'email id :',data.email ........................................... passed
* url 'https://reqres.in/api' ............................................. passed
* header content-type = 'aplication/json' ................................. passed
Given path 'users',2 ...................................................... passed
When method get ........................................................... passed
Then status 200 ........................................................... passed
* def data = response.data ................................................ passed
* print 'id : ',data.id ................................................... passed
* print 'email id :',data.email ........................................... passed
* url 'https://reqres.in/api' ............................................. passed
* header content-type = 'aplication/json' ................................. passed
Given path 'unknown' ...................................................... passed
When method get ........................................................... passed
Then status 200 ........................................................... passed</system-out>
  </testcase>
</testsuite>
