<testsuite failures="0" name="examples/users/calluserdetails.feature" skipped="0" tests="1" time="1.563266">
  <testcase classname="examples.users.calluserdetails" name="get list of users" time="1.563266">
    <system-out>* url 'https://reqres.in/api' ............................................. passed
* header content-type = 'aplication/json' ................................. passed
* def resp = call read('userdetails.feature') ............................. passed
* def respExpected = resp.response ........................................ passed
* print '*****************',respExpected .................................. passed
Given path 'users' ........................................................ passed
And param page = 2 ........................................................ passed
When method get ........................................................... passed
Then status 200 ........................................................... passed
* def genertedResponse = response ......................................... passed
* print '@@@@@@@@',genertedResponse ....................................... passed
* match genertedResponse == respExpected .................................. passed</system-out>
  </testcase>
</testsuite>
